====
Starting job 9787546 at Wed  4 Mar 13:59:03 GMT 2026 for user dc-guan2.
Running on nodes: m8459
====
✅ Using NumPy with CPU.
Using /cosma/home/dp322/dc-guan2/folps/pipeline//config/p0p2b0_LRG2_nowindow.yml
Initialising power spectrum data from /cosma/home/dp322/dc-guan2/fitting/data/LRG/z0.8.
2: pk2_box_phmean
0: pk0_box_phmean
Initialising bispectrum data from /cosma/home/dp322/dc-guan2/fitting/data/LRG/z0.8.
000: bk000_box_phmean
Initialising baccoemu for the linear power spectrum...
Total time: 0.006749916076660156
Loading matrices from matrices_nfftlog128_Afull-True_use_TNS-False.npy
Starting sampling at 2026-03-04 13:59:17.129399 with 72 CPUs. 

Iter: 0it [00:00, ?it/s]Iter: 0it [00:00, ?it/s, beta=0, calls=0, ESS=4000, logZ=0, logP=0, acc=0, steps=0, eff=0]multiprocess.pool.RemoteTraceback: 
"""
Traceback (most recent call last):
  File "/cosma/apps/dp322/dc-guan2/conda-envs/folps/lib/python3.14/site-packages/multiprocess/pool.py", line 125, in worker
    result = (True, func(*args, **kwds))
                    ~~~~^^^^^^^^^^^^^^^
  File "/cosma/apps/dp322/dc-guan2/conda-envs/folps/lib/python3.14/site-packages/multiprocess/pool.py", line 48, in mapstar
    return list(map(*args))
  File "/cosma/apps/dp322/dc-guan2/conda-envs/folps/lib/python3.14/site-packages/pocomc/tools.py", line 260, in __call__
    return self.f(x, *self.args, **self.kwargs)
           ~~~~~~^^^^^^^^^^^^^^^^^^^^^^^^^^^^^^
  File "/cosma/home/dp322/dc-guan2/folps/pipeline//src/inference.py", line 38, in likelihood_wrapper
    return global_likelihood.ln_prob(theta, global_full_data, global_inv_cov)
           ~~~~~~~~~~~~~~~~~~~~~~~~~^^^^^^^^^^^^^^^^^^^^^^^^^^^^^^^^^^^^^^^^^
  File "/cosma/home/dp322/dc-guan2/folps/pipeline/src/likelihood.py", line 79, in ln_prob
    m = self.model_function.compute_model_vector(theta)
  File "/cosma/home/dp322/dc-guan2/folps/pipeline/src/model_APpar.py", line 879, in compute_model_vector
    pk_interp = self.calculator.pk_from_model(full_params)
  File "/cosma/home/dp322/dc-guan2/folps/pipeline/src/model_APpar.py", line 292, in pk_from_model
    folps = self._compute_folps_quantities(pars)
  File "/cosma/home/dp322/dc-guan2/folps/pipeline/src/model_APpar.py", line 171, in _compute_folps_quantities
    As_fid = self.cosmo_fid('As')
TypeError: 'dict' object is not callable
"""

The above exception was the direct cause of the following exception:

Traceback (most recent call last):
  File "/cosma/home/dp322/dc-guan2/folps/pipeline//src/inference.py", line 281, in <module>
    sampler.run(n_total=ntot, progress=True, save_every=25, resume_state_path=resume_file)
    ~~~~~~~~~~~^^^^^^^^^^^^^^^^^^^^^^^^^^^^^^^^^^^^^^^^^^^^^^^^^^^^^^^^^^^^^^^^^^^^^^^^^^^
  File "/cosma/apps/dp322/dc-guan2/conda-envs/folps/lib/python3.14/site-packages/pocomc/sampler.py", line 452, in run
    logl, blobs = self._log_like(x)
                  ~~~~~~~~~~~~~~^^^
  File "/cosma/apps/dp322/dc-guan2/conda-envs/folps/lib/python3.14/site-packages/pocomc/sampler.py", line 826, in _log_like
    results = list(self.distribute(self.log_likelihood, x))
                   ~~~~~~~~~~~~~~~^^^^^^^^^^^^^^^^^^^^^^^^
  File "/cosma/apps/dp322/dc-guan2/conda-envs/folps/lib/python3.14/site-packages/multiprocess/pool.py", line 367, in map
    return self._map_async(func, iterable, mapstar, chunksize).get()
           ~~~~~~~~~~~~~~~~~~~~~~~~~~~~~~~~~~~~~~~~~~~~~~~~~~~~~~~^^
  File "/cosma/apps/dp322/dc-guan2/conda-envs/folps/lib/python3.14/site-packages/multiprocess/pool.py", line 774, in get
    raise self._value
TypeError: 'dict' object is not callable
Iter: 0it [00:01, ?it/s, beta=0, calls=0, ESS=4000, logZ=0, logP=0, acc=0, steps=0, eff=0]
